Namespace(batch_size=10, dataset='S3DIS', dropout=0.5, emb_dims=1024, epochs=20, eval=True, exp_name='pretrained', k=20, lr=0.001, model='dgcnn', model_root='pretrained/semseg/models/', momentum=0.9, no_cuda=False, num_points=4096, scheduler='cos', seed=1, test_area='6', test_batch_size=10, use_sgd=True, visu='', visu_format='ply')
Using GPU : 0 from 1 devices
Namespace(batch_size=10, dataset='S3DIS', dropout=0.5, emb_dims=1024, epochs=20, eval=True, exp_name='pretrained', k=20, lr=0.001, model='dgcnn', model_root='pretrained/semseg/models/', momentum=0.9, no_cuda=False, num_points=4096, scheduler='cos', seed=1, test_area='6', test_batch_size=10, use_sgd=True, visu='', visu_format='ply')
Using GPU : 0 from 1 devices
Namespace(batch_size=10, dataset='S3DIS', dropout=0.5, emb_dims=1024, epochs=20, eval=True, exp_name='pretrained', k=20, lr=0.001, model='dgcnn', model_root='pretrained/semseg/models/', momentum=0.9, no_cuda=False, num_points=4096, scheduler='cos', seed=1, test_area='6', test_batch_size=10, use_sgd=True, visu='', visu_format='ply')
Using GPU : 0 from 1 devices
Namespace(batch_size=10, dataset='S3DIS', dropout=0.5, emb_dims=1024, epochs=20, eval=True, exp_name='pretrained', k=20, lr=0.001, model='dgcnn', model_root='pretrained/semseg/models/', momentum=0.9, no_cuda=False, num_points=4096, scheduler='cos', seed=1, test_area='6', test_batch_size=10, use_sgd=True, visu='', visu_format='ply')
Using GPU : 0 from 1 devices
Namespace(batch_size=10, dataset='S3DIS', dropout=0.5, emb_dims=1024, epochs=20, eval=True, exp_name='pretrained', k=20, lr=0.001, model='dgcnn', model_root='pretrained/semseg/', momentum=0.9, no_cuda=False, num_points=4096, scheduler='cos', seed=1, test_area=6, test_batch_size=10, use_sgd=True, visu='', visu_format='ply')
Using GPU : 0 from 1 devices
Test :: test area: 6, test acc: 0.904000, test avg acc: 0.823624, test iou: 0.738811
Namespace(batch_size=10, dataset='S3DIS', dropout=0.5, emb_dims=1024, epochs=20, eval=True, exp_name='pretrained', k=20, lr=0.001, model='dgcnn', model_root='pretrained/semseg/', momentum=0.9, no_cuda=False, num_points=4096, scheduler='cos', seed=1, test_area='all', test_batch_size=10, use_sgd=True, visu='', visu_format='ply')
Using GPU : 0 from 1 devices
Test :: test area: 1, test acc: 0.962692, test avg acc: 0.940848, test iou: 0.897796
Test :: test area: 2, test acc: 0.974358, test avg acc: 0.944728, test iou: 0.906453
Test :: test area: 3, test acc: 0.960944, test avg acc: 0.938035, test iou: 0.892883
Test :: test area: 4, test acc: 0.951483, test avg acc: 0.917950, test iou: 0.867457
Test :: test area: 5, test acc: 0.954502, test avg acc: 0.895274, test iou: 0.845579
Test :: test area: 6, test acc: 0.904029, test avg acc: 0.823394, test iou: 0.738794
Overall Test :: test acc: 0.951921, test avg acc: 0.910609, test iou: 0.857383
